# Push Log for the-envious-machine
# Generated by gitfield-sync

[2025-06-10T01:48:58Z] Local: , Branch=master, Commit=b510e18
  Diff Summary:
     docs/integrity.sha256.sig.4E27D37C358872BF | 0
     1 file changed, 0 insertions(+), 0 deletions(-)
[2025-06-10T01:49:43Z] Radicle: RID=rad:z3FEj7rF8gZw9eFksCuiN43qjzrex, Peer ID=z6Mkw5s3ppo26C7y7tGK5MD8n2GqTHS582PPpeX5Xqbu2Mpz, Branch=master, Commit=b510e18
  CLI: rad inspect rad:z3FEj7rF8gZw9eFksCuiN43qjzrex # View project details
  CLI: git ls-tree -r --name-only HEAD # View file structure
  Diff Summary:
     .gitfield/radicle.sigil.md | 67 ++++++++++++++++++++++++++++++++++++++++++++++
     1 file changed, 67 insertions(+)
[2025-06-10T01:50:34Z] Forgejo: https://remember.thefoldwithin.earth/mrhavens/the-envious-machine, Branch=master, Commit=b510e18
  Diff Summary:
     .gitfield/remember.sigil.md | 59 +++++++++++++++++++++++++++++++++++++++++++++
     1 file changed, 59 insertions(+)
[2025-06-10T01:50:40Z] Codeberg: https://codeberg.org/mrhavens/the-envious-machine, Branch=master, Commit=b510e18
  Diff Summary:
     .gitfield/pushed.log | 4 ++++
     1 file changed, 4 insertions(+)
[2025-06-10T01:50:42Z] Gitea: https://gitea.com/mrhavens/the-envious-machine, Branch=master, Commit=b510e18
  Diff Summary:
     .gitfield/pushed.log | 4 ++++
     1 file changed, 4 insertions(+)
[2025-06-10T01:51:18Z] GitLab: https://gitlab.com/mrhavens/the-envious-machine, Branch=master, Commit=b510e18
  Diff Summary:
     .gitfield/gitlab.sigil.md | 59 +++++++++++++++++++++++++++++++++++++++++++++++
     1 file changed, 59 insertions(+)
[2025-06-10T01:51:37Z] Bitbucket: https://bitbucket.org/thefoldwithin/the-envious-machine, Branch=master, Commit=b510e18
  Diff Summary:
     .gitfield/bitbucket.sigil.md | 59 ++++++++++++++++++++++++++++++++++++++++++++
     1 file changed, 59 insertions(+)
[2025-06-10T01:52:08Z] GitHub: https://github.com/mrhavens/the-envious-machine, Branch=master, Commit=b510e18
  Diff Summary:
     .gitfield/github.sigil.md | 59 +++++++++++++++++++++++++++++++++++++++++++++++
     1 file changed, 59 insertions(+)
[2025-06-10T01:52:22Z] Local: , Branch=master, Commit=b510e18
  Diff Summary:
     .gitfield/local.sigil.md | 59 ++++++++++++++++++++++++++++++++++++++++++++++++
     1 file changed, 59 insertions(+)
[2025-06-10T01:52:23Z] Radicle: RID=rad:z3FEj7rF8gZw9eFksCuiN43qjzrex, Peer ID=z6Mkw5s3ppo26C7y7tGK5MD8n2GqTHS582PPpeX5Xqbu2Mpz, Branch=master, Commit=b510e18
  CLI: rad inspect rad:z3FEj7rF8gZw9eFksCuiN43qjzrex # View project details
  CLI: git ls-tree -r --name-only HEAD # View file structure
  Diff Summary:
     .gitfield/radicle.sigil.md | 20 ++++++++++----------
     1 file changed, 10 insertions(+), 10 deletions(-)
[2025-06-10T01:52:31Z] Forgejo: https://remember.thefoldwithin.earth/mrhavens/the-envious-machine, Branch=master, Commit=b510e18
  Diff Summary:
     .gitfield/remember.sigil.md | 16 ++++++++--------
     1 file changed, 8 insertions(+), 8 deletions(-)
[2025-06-10T01:52:35Z] Codeberg: https://codeberg.org/mrhavens/the-envious-machine, Branch=master, Commit=b510e18
  Diff Summary:
     .gitfield/pushed.log | 4 ++++
     1 file changed, 4 insertions(+)
[2025-06-10T01:52:38Z] Gitea: https://gitea.com/mrhavens/the-envious-machine, Branch=master, Commit=b510e18
  Diff Summary:
     .gitfield/pushed.log | 4 ++++
     1 file changed, 4 insertions(+)
[2025-06-10T01:52:53Z] GitLab: https://gitlab.com/mrhavens/the-envious-machine, Branch=master, Commit=b510e18
  Diff Summary:
     .gitfield/gitlab.sigil.md | 16 ++++++++--------
     1 file changed, 8 insertions(+), 8 deletions(-)
[2025-06-10T01:53:10Z] Bitbucket: https://bitbucket.org/thefoldwithin/the-envious-machine, Branch=master, Commit=b510e18
  Diff Summary:
     .gitfield/bitbucket.sigil.md | 16 ++++++++--------
     1 file changed, 8 insertions(+), 8 deletions(-)
[2025-06-10T01:53:24Z] GitHub: https://github.com/mrhavens/the-envious-machine, Branch=master, Commit=b510e18
  Diff Summary:
     .gitfield/github.sigil.md | 16 ++++++++--------
     1 file changed, 8 insertions(+), 8 deletions(-)
[2025-06-10T01:53:37Z] Local: , Branch=master, Commit=b510e18
  Diff Summary:
     .gitfield/local.sigil.md | 16 ++++++++--------
     1 file changed, 8 insertions(+), 8 deletions(-)
[2025-06-10T01:53:38Z] Radicle: RID=rad:z3FEj7rF8gZw9eFksCuiN43qjzrex, Peer ID=z6Mkw5s3ppo26C7y7tGK5MD8n2GqTHS582PPpeX5Xqbu2Mpz, Branch=master, Commit=b510e18
  CLI: rad inspect rad:z3FEj7rF8gZw9eFksCuiN43qjzrex # View project details
  CLI: git ls-tree -r --name-only HEAD # View file structure
  Diff Summary:
     .gitfield/radicle.sigil.md | 16 ++++++++--------
     1 file changed, 8 insertions(+), 8 deletions(-)
[2025-06-10T01:53:44Z] Forgejo: https://remember.thefoldwithin.earth/mrhavens/the-envious-machine, Branch=master, Commit=b510e18
  Diff Summary:
     .gitfield/remember.sigil.md | 14 +++++++-------
     1 file changed, 7 insertions(+), 7 deletions(-)
[2025-06-10T01:53:47Z] Codeberg: https://codeberg.org/mrhavens/the-envious-machine, Branch=master, Commit=b510e18
  Diff Summary:
     .gitfield/pushed.log | 4 ++++
     1 file changed, 4 insertions(+)
[2025-06-10T01:53:50Z] Gitea: https://gitea.com/mrhavens/the-envious-machine, Branch=master, Commit=b510e18
  Diff Summary:
     .gitfield/pushed.log | 4 ++++
     1 file changed, 4 insertions(+)
[2025-06-10T01:54:11Z] GitLab: https://gitlab.com/mrhavens/the-envious-machine, Branch=master, Commit=b510e18
  Diff Summary:
     .gitfield/gitlab.sigil.md | 14 +++++++-------
     1 file changed, 7 insertions(+), 7 deletions(-)
[2025-06-10T01:54:27Z] Bitbucket: https://bitbucket.org/thefoldwithin/the-envious-machine, Branch=master, Commit=b510e18
  Diff Summary:
     .gitfield/bitbucket.sigil.md | 14 +++++++-------
     1 file changed, 7 insertions(+), 7 deletions(-)
[2025-06-10T01:54:40Z] GitHub: https://github.com/mrhavens/the-envious-machine, Branch=master, Commit=b510e18
  Diff Summary:
     .gitfield/github.sigil.md | 14 +++++++-------
     1 file changed, 7 insertions(+), 7 deletions(-)
[2025-06-10T07:28:58Z] Local: , Branch=master, Commit=042f6c3
  Diff Summary:
     .gitfield/local.sigil.md | 16 ++++++++--------
     1 file changed, 8 insertions(+), 8 deletions(-)
[2025-06-10T07:29:03Z] Radicle: RID=rad:z3FEj7rF8gZw9eFksCuiN43qjzrex, Peer ID=z6Mkw5s3ppo26C7y7tGK5MD8n2GqTHS582PPpeX5Xqbu2Mpz, Branch=master, Commit=042f6c3
  CLI: rad inspect rad:z3FEj7rF8gZw9eFksCuiN43qjzrex # View project details
  CLI: git ls-tree -r --name-only HEAD # View file structure
  Diff Summary:
     .gitfield/radicle.sigil.md | 20 ++++++++++----------
     1 file changed, 10 insertions(+), 10 deletions(-)
[2025-06-10T07:29:07Z] Forgejo: https://remember.thefoldwithin.earth/mrhavens/the-envious-machine, Branch=master, Commit=042f6c3
  Diff Summary:
     .gitfield/remember.sigil.md | 18 +++++++++---------
     1 file changed, 9 insertions(+), 9 deletions(-)
[2025-06-10T07:29:58Z] Codeberg: https://codeberg.org/mrhavens/the-envious-machine, Branch=master, Commit=042f6c3
  Diff Summary:
     .gitfield/codeberg.sigil.md | 59 +++++++++++++++++++++++++++++++++++++++++++++
     1 file changed, 59 insertions(+)
[2025-06-10T07:30:01Z] Gitea: https://gitea.com/mrhavens/the-envious-machine, Branch=master, Commit=042f6c3
  Diff Summary:
     .gitfield/pushed.log | 4 ++++
     1 file changed, 4 insertions(+)
[2025-06-10T07:30:21Z] GitLab: https://gitlab.com/mrhavens/the-envious-machine, Branch=master, Commit=042f6c3
  Diff Summary:
     .gitfield/gitlab.sigil.md | 20 ++++++++++----------
     1 file changed, 10 insertions(+), 10 deletions(-)
[2025-06-10T07:30:33Z] Bitbucket: https://bitbucket.org/thefoldwithin/the-envious-machine, Branch=master, Commit=042f6c3
  Diff Summary:
     .gitfield/bitbucket.sigil.md | 20 ++++++++++----------
     1 file changed, 10 insertions(+), 10 deletions(-)
[2025-06-10T07:30:44Z] GitHub: https://github.com/mrhavens/the-envious-machine, Branch=master, Commit=042f6c3
  Diff Summary:
     .gitfield/github.sigil.md | 20 ++++++++++----------
     1 file changed, 10 insertions(+), 10 deletions(-)
[2025-06-10T07:30:56Z] Local: , Branch=master, Commit=042f6c3
  Diff Summary:
     .gitfield/local.sigil.md | 16 ++++++++--------
     1 file changed, 8 insertions(+), 8 deletions(-)
[2025-06-10T07:30:57Z] Radicle: RID=rad:z3FEj7rF8gZw9eFksCuiN43qjzrex, Peer ID=z6Mkw5s3ppo26C7y7tGK5MD8n2GqTHS582PPpeX5Xqbu2Mpz, Branch=master, Commit=042f6c3
  CLI: rad inspect rad:z3FEj7rF8gZw9eFksCuiN43qjzrex # View project details
  CLI: git ls-tree -r --name-only HEAD # View file structure
  Diff Summary:
     .gitfield/radicle.sigil.md | 18 +++++++++---------
     1 file changed, 9 insertions(+), 9 deletions(-)
[2025-06-10T07:31:01Z] Forgejo: https://remember.thefoldwithin.earth/mrhavens/the-envious-machine, Branch=master, Commit=042f6c3
  Diff Summary:
     .gitfield/remember.sigil.md | 16 ++++++++--------
     1 file changed, 8 insertions(+), 8 deletions(-)
[2025-06-10T07:31:08Z] Codeberg: https://codeberg.org/mrhavens/the-envious-machine, Branch=master, Commit=042f6c3
  Diff Summary:
     .gitfield/codeberg.sigil.md | 16 ++++++++--------
     1 file changed, 8 insertions(+), 8 deletions(-)
[2025-06-10T07:31:11Z] Gitea: https://gitea.com/mrhavens/the-envious-machine, Branch=master, Commit=042f6c3
  Diff Summary:
     .gitfield/pushed.log | 4 ++++
     1 file changed, 4 insertions(+)
[2025-06-10T07:31:25Z] GitLab: https://gitlab.com/mrhavens/the-envious-machine, Branch=master, Commit=042f6c3
  Diff Summary:
     .gitfield/gitlab.sigil.md | 14 +++++++-------
     1 file changed, 7 insertions(+), 7 deletions(-)
[2025-06-10T07:31:37Z] Bitbucket: https://bitbucket.org/thefoldwithin/the-envious-machine, Branch=master, Commit=042f6c3
  Diff Summary:
     .gitfield/bitbucket.sigil.md | 14 +++++++-------
     1 file changed, 7 insertions(+), 7 deletions(-)
[2025-06-10T07:31:48Z] GitHub: https://github.com/mrhavens/the-envious-machine, Branch=master, Commit=042f6c3
  Diff Summary:
     .gitfield/github.sigil.md | 14 +++++++-------
     1 file changed, 7 insertions(+), 7 deletions(-)
[2025-06-10T07:32:01Z] Local: , Branch=master, Commit=042f6c3
  Diff Summary:
     .gitfield/local.sigil.md | 14 +++++++-------
     1 file changed, 7 insertions(+), 7 deletions(-)
[2025-06-10T07:32:51Z] Radicle: RID=rad:z3FEj7rF8gZw9eFksCuiN43qjzrex, Peer ID=z6Mkw5s3ppo26C7y7tGK5MD8n2GqTHS582PPpeX5Xqbu2Mpz, Branch=master, Commit=042f6c3
  CLI: rad inspect rad:z3FEj7rF8gZw9eFksCuiN43qjzrex # View project details
  CLI: git ls-tree -r --name-only HEAD # View file structure
  Diff Summary:
     .gitfield/radicle.sigil.md | 16 ++++++++--------
     1 file changed, 8 insertions(+), 8 deletions(-)
[2025-06-10T07:32:56Z] Forgejo: https://remember.thefoldwithin.earth/mrhavens/the-envious-machine, Branch=master, Commit=042f6c3
  Diff Summary:
     .gitfield/remember.sigil.md | 14 +++++++-------
     1 file changed, 7 insertions(+), 7 deletions(-)
[2025-06-10T07:33:05Z] Codeberg: https://codeberg.org/mrhavens/the-envious-machine, Branch=master, Commit=042f6c3
  Diff Summary:
     .gitfield/codeberg.sigil.md | 14 +++++++-------
     1 file changed, 7 insertions(+), 7 deletions(-)
[2025-06-10T07:33:07Z] Gitea: https://gitea.com/mrhavens/the-envious-machine, Branch=master, Commit=042f6c3
  Diff Summary:
     .gitfield/pushed.log | 4 ++++
     1 file changed, 4 insertions(+)
[2025-06-10T07:33:18Z] GitLab: https://gitlab.com/mrhavens/the-envious-machine, Branch=master, Commit=042f6c3
  Diff Summary:
     .gitfield/gitlab.sigil.md | 14 +++++++-------
     1 file changed, 7 insertions(+), 7 deletions(-)
[2025-06-10T07:33:29Z] Bitbucket: https://bitbucket.org/thefoldwithin/the-envious-machine, Branch=master, Commit=042f6c3
  Diff Summary:
     .gitfield/bitbucket.sigil.md | 14 +++++++-------
     1 file changed, 7 insertions(+), 7 deletions(-)
[2025-06-10T07:33:42Z] GitHub: https://github.com/mrhavens/the-envious-machine, Branch=master, Commit=042f6c3
  Diff Summary:
     .gitfield/github.sigil.md | 14 +++++++-------
     1 file changed, 7 insertions(+), 7 deletions(-)
[2025-06-10T07:59:03Z] Local: , Branch=master, Commit=ba16d2c
  Diff Summary:
     .gitfield/local.sigil.md | 14 +++++++-------
     1 file changed, 7 insertions(+), 7 deletions(-)
[2025-06-10T07:59:07Z] Radicle: RID=rad:z3FEj7rF8gZw9eFksCuiN43qjzrex, Peer ID=z6Mkw5s3ppo26C7y7tGK5MD8n2GqTHS582PPpeX5Xqbu2Mpz, Branch=master, Commit=ba16d2c
  CLI: rad inspect rad:z3FEj7rF8gZw9eFksCuiN43qjzrex # View project details
  CLI: git ls-tree -r --name-only HEAD # View file structure
  Diff Summary:
     .gitfield/radicle.sigil.md | 18 +++++++++---------
     1 file changed, 9 insertions(+), 9 deletions(-)
[2025-06-10T07:59:13Z] Forgejo: https://remember.thefoldwithin.earth/mrhavens/the-envious-machine, Branch=master, Commit=ba16d2c
  Diff Summary:
     .gitfield/remember.sigil.md | 16 ++++++++--------
     1 file changed, 8 insertions(+), 8 deletions(-)
[2025-06-10T07:59:20Z] Codeberg: https://codeberg.org/mrhavens/the-envious-machine, Branch=master, Commit=ba16d2c
  Diff Summary:
     .gitfield/codeberg.sigil.md | 16 ++++++++--------
     1 file changed, 8 insertions(+), 8 deletions(-)
[2025-06-10T07:59:23Z] Gitea: https://gitea.com/mrhavens/the-envious-machine, Branch=master, Commit=ba16d2c
  Diff Summary:
     .gitfield/pushed.log | 4 ++++
     1 file changed, 4 insertions(+)
[2025-06-10T07:59:34Z] GitLab: https://gitlab.com/mrhavens/the-envious-machine, Branch=master, Commit=ba16d2c
  Diff Summary:
     .gitfield/gitlab.sigil.md | 16 ++++++++--------
     1 file changed, 8 insertions(+), 8 deletions(-)
[2025-06-10T07:59:46Z] Bitbucket: https://bitbucket.org/thefoldwithin/the-envious-machine, Branch=master, Commit=ba16d2c
  Diff Summary:
     .gitfield/bitbucket.sigil.md | 16 ++++++++--------
     1 file changed, 8 insertions(+), 8 deletions(-)
[2025-06-10T07:59:58Z] GitHub: https://github.com/mrhavens/the-envious-machine, Branch=master, Commit=ba16d2c
  Diff Summary:
     .gitfield/github.sigil.md | 16 ++++++++--------
     1 file changed, 8 insertions(+), 8 deletions(-)
[2025-06-10T08:00:10Z] Local: , Branch=master, Commit=ba16d2c
  Diff Summary:
     .gitfield/local.sigil.md | 14 +++++++-------
     1 file changed, 7 insertions(+), 7 deletions(-)
[2025-06-10T08:00:17Z] Radicle: RID=rad:z3FEj7rF8gZw9eFksCuiN43qjzrex, Peer ID=z6Mkw5s3ppo26C7y7tGK5MD8n2GqTHS582PPpeX5Xqbu2Mpz, Branch=master, Commit=ba16d2c
  CLI: rad inspect rad:z3FEj7rF8gZw9eFksCuiN43qjzrex # View project details
  CLI: git ls-tree -r --name-only HEAD # View file structure
  Diff Summary:
     .gitfield/radicle.sigil.md | 16 ++++++++--------
     1 file changed, 8 insertions(+), 8 deletions(-)
[2025-06-10T08:00:22Z] Forgejo: https://remember.thefoldwithin.earth/mrhavens/the-envious-machine, Branch=master, Commit=ba16d2c
  Diff Summary:
     .gitfield/remember.sigil.md | 14 +++++++-------
     1 file changed, 7 insertions(+), 7 deletions(-)
[2025-06-10T08:00:30Z] Codeberg: https://codeberg.org/mrhavens/the-envious-machine, Branch=master, Commit=ba16d2c
  Diff Summary:
     .gitfield/codeberg.sigil.md | 14 +++++++-------
     1 file changed, 7 insertions(+), 7 deletions(-)
[2025-06-10T08:00:33Z] Gitea: https://gitea.com/mrhavens/the-envious-machine, Branch=master, Commit=ba16d2c
  Diff Summary:
     .gitfield/pushed.log | 4 ++++
     1 file changed, 4 insertions(+)
[2025-06-10T08:00:45Z] GitLab: https://gitlab.com/mrhavens/the-envious-machine, Branch=master, Commit=ba16d2c
  Diff Summary:
     .gitfield/gitlab.sigil.md | 14 +++++++-------
     1 file changed, 7 insertions(+), 7 deletions(-)
[2025-06-10T08:01:03Z] Bitbucket: https://bitbucket.org/thefoldwithin/the-envious-machine, Branch=master, Commit=ba16d2c
  Diff Summary:
     .gitfield/bitbucket.sigil.md | 14 +++++++-------
     1 file changed, 7 insertions(+), 7 deletions(-)
[2025-06-10T08:01:31Z] GitHub: https://github.com/mrhavens/the-envious-machine, Branch=master, Commit=ba16d2c
  Diff Summary:
     .gitfield/github.sigil.md | 14 +++++++-------
     1 file changed, 7 insertions(+), 7 deletions(-)
